<?xml version="1.0" encoding="UTF-8"?>
<!-- Generated by org.testng.reporters.JUnitXMLReporter -->
<testsuite ignored="0" hostname="TABLET-TKN4NNLS" failures="0" tests="10" name="Surefire test" time="83.42" errors="0" timestamp="2025-05-05T14:23:12 GMT+07:00">
  <testcase classname="com.may.demo.LoginTest" name="testEmptyPassword" time="0.379"/>
  <testcase classname="com.may.demo.LoginTest" name="testEmptyUsername" time="0.251"/>
  <testcase classname="com.may.demo.LoginTest" name="testValidLogin" time="5.09"/>
  <testcase classname="com.may.demo.LoginTest" name="testInvalidUsername" time="4.147"/>
  <testcase classname="com.may.demo.LoginTest" name="testInvalidPassword" time="3.837"/>
  <testcase classname="com.may.demo.LoginTest" name="testNonExistentUser" time="5.853"/>
  <testcase classname="com.may.demo.LoginTest" name="testViewPasswordToggle" time="5.22"/>
  <testcase classname="com.may.demo.LoginTest" name="testSaveLoginInformation" time="9.021"/>
  <testcase classname="com.may.demo.MakeReservationTest" name="testMakeReservationSuccessfully" time="8.399"/>
  <testcase classname="com.may.demo.MedicalFlowTest" name="clickOnPatientNamedMinauto" time="11.019"/>
</testsuite> <!-- Surefire test -->
