<?xml version="1.0" encoding="UTF-8"?>
<testng-results ignored="0" total="10" passed="10" failed="0" skipped="0">
  <reporter-output>
  </reporter-output>
  <suite started-at="2025-05-05T14:21:48 GMT+07:00" name="Surefire suite" finished-at="2025-05-05T14:23:12 GMT+07:00" duration-ms="83420">
    <groups>
    </groups>
    <test started-at="2025-05-05T14:21:48 GMT+07:00" name="Surefire test" finished-at="2025-05-05T14:23:12 GMT+07:00" duration-ms="83420">
      <class name="com.may.demo.LoginTest">
        <test-method is-config="true" signature="setUp()[pri:0, instance:com.may.demo.LoginTest@544820b7]" started-at="2025-05-05T14:21:48 GMT+07:00" name="setUp" finished-at="2025-05-05T14:21:52 GMT+07:00" duration-ms="3615" status="PASS">
          <reporter-output>
          </reporter-output>
        </test-method> <!-- setUp -->
        <test-method is-config="true" signature="navigateToLoginPage()[pri:0, instance:com.may.demo.LoginTest@544820b7]" started-at="2025-05-05T14:21:52 GMT+07:00" name="navigateToLoginPage" finished-at="2025-05-05T14:21:55 GMT+07:00" duration-ms="2553" status="PASS">
          <reporter-output>
          </reporter-output>
        </test-method> <!-- navigateToLoginPage -->
        <test-method signature="testEmptyPassword()[pri:0, instance:com.may.demo.LoginTest@544820b7]" started-at="2025-05-05T14:21:55 GMT+07:00" name="testEmptyPassword" finished-at="2025-05-05T14:21:55 GMT+07:00" duration-ms="379" status="PASS">
          <reporter-output>
          </reporter-output>
        </test-method> <!-- testEmptyPassword -->
        <test-method is-config="true" signature="navigateToLoginPage()[pri:0, instance:com.may.demo.LoginTest@544820b7]" started-at="2025-05-05T14:21:55 GMT+07:00" name="navigateToLoginPage" finished-at="2025-05-05T14:21:56 GMT+07:00" duration-ms="728" status="PASS">
          <reporter-output>
          </reporter-output>
        </test-method> <!-- navigateToLoginPage -->
        <test-method signature="testEmptyUsername()[pri:0, instance:com.may.demo.LoginTest@544820b7]" started-at="2025-05-05T14:21:56 GMT+07:00" name="testEmptyUsername" finished-at="2025-05-05T14:21:56 GMT+07:00" duration-ms="251" status="PASS">
          <reporter-output>
          </reporter-output>
        </test-method> <!-- testEmptyUsername -->
        <test-method is-config="true" signature="navigateToLoginPage()[pri:0, instance:com.may.demo.LoginTest@544820b7]" started-at="2025-05-05T14:21:56 GMT+07:00" name="navigateToLoginPage" finished-at="2025-05-05T14:21:57 GMT+07:00" duration-ms="667" status="PASS">
          <reporter-output>
          </reporter-output>
        </test-method> <!-- navigateToLoginPage -->
        <test-method signature="testValidLogin()[pri:1, instance:com.may.demo.LoginTest@544820b7]" started-at="2025-05-05T14:21:57 GMT+07:00" name="testValidLogin" finished-at="2025-05-05T14:22:02 GMT+07:00" duration-ms="5090" status="PASS">
          <reporter-output>
          </reporter-output>
        </test-method> <!-- testValidLogin -->
        <test-method is-config="true" signature="navigateToLoginPage()[pri:0, instance:com.may.demo.LoginTest@544820b7]" started-at="2025-05-05T14:22:02 GMT+07:00" name="navigateToLoginPage" finished-at="2025-05-05T14:22:03 GMT+07:00" duration-ms="1033" status="PASS">
          <reporter-output>
          </reporter-output>
        </test-method> <!-- navigateToLoginPage -->
        <test-method signature="testInvalidUsername()[pri:2, instance:com.may.demo.LoginTest@544820b7]" started-at="2025-05-05T14:22:03 GMT+07:00" name="testInvalidUsername" finished-at="2025-05-05T14:22:07 GMT+07:00" duration-ms="4147" status="PASS">
          <reporter-output>
          </reporter-output>
        </test-method> <!-- testInvalidUsername -->
        <test-method is-config="true" signature="navigateToLoginPage()[pri:0, instance:com.may.demo.LoginTest@544820b7]" started-at="2025-05-05T14:22:07 GMT+07:00" name="navigateToLoginPage" finished-at="2025-05-05T14:22:08 GMT+07:00" duration-ms="703" status="PASS">
          <reporter-output>
          </reporter-output>
        </test-method> <!-- navigateToLoginPage -->
        <test-method signature="testInvalidPassword()[pri:3, instance:com.may.demo.LoginTest@544820b7]" started-at="2025-05-05T14:22:08 GMT+07:00" name="testInvalidPassword" finished-at="2025-05-05T14:22:12 GMT+07:00" duration-ms="3837" status="PASS">
          <reporter-output>
          </reporter-output>
        </test-method> <!-- testInvalidPassword -->
        <test-method is-config="true" signature="navigateToLoginPage()[pri:0, instance:com.may.demo.LoginTest@544820b7]" started-at="2025-05-05T14:22:12 GMT+07:00" name="navigateToLoginPage" finished-at="2025-05-05T14:22:12 GMT+07:00" duration-ms="926" status="PASS">
          <reporter-output>
          </reporter-output>
        </test-method> <!-- navigateToLoginPage -->
        <test-method signature="testNonExistentUser()[pri:6, instance:com.may.demo.LoginTest@544820b7]" started-at="2025-05-05T14:22:12 GMT+07:00" name="testNonExistentUser" finished-at="2025-05-05T14:22:18 GMT+07:00" duration-ms="5853" status="PASS">
          <reporter-output>
          </reporter-output>
        </test-method> <!-- testNonExistentUser -->
        <test-method is-config="true" signature="navigateToLoginPage()[pri:0, instance:com.may.demo.LoginTest@544820b7]" started-at="2025-05-05T14:22:18 GMT+07:00" name="navigateToLoginPage" finished-at="2025-05-05T14:22:19 GMT+07:00" duration-ms="752" status="PASS">
          <reporter-output>
          </reporter-output>
        </test-method> <!-- navigateToLoginPage -->
        <test-method signature="testViewPasswordToggle()[pri:7, instance:com.may.demo.LoginTest@544820b7]" started-at="2025-05-05T14:22:19 GMT+07:00" name="testViewPasswordToggle" finished-at="2025-05-05T14:22:24 GMT+07:00" duration-ms="5220" status="PASS">
          <reporter-output>
          </reporter-output>
        </test-method> <!-- testViewPasswordToggle -->
        <test-method is-config="true" signature="navigateToLoginPage()[pri:0, instance:com.may.demo.LoginTest@544820b7]" started-at="2025-05-05T14:22:24 GMT+07:00" name="navigateToLoginPage" finished-at="2025-05-05T14:22:25 GMT+07:00" duration-ms="1172" status="PASS">
          <reporter-output>
          </reporter-output>
        </test-method> <!-- navigateToLoginPage -->
        <test-method signature="testSaveLoginInformation()[pri:8, instance:com.may.demo.LoginTest@544820b7]" started-at="2025-05-05T14:22:25 GMT+07:00" name="testSaveLoginInformation" finished-at="2025-05-05T14:22:34 GMT+07:00" duration-ms="9021" status="PASS">
          <reporter-output>
          </reporter-output>
        </test-method> <!-- testSaveLoginInformation -->
        <test-method is-config="true" signature="tearDown()[pri:0, instance:com.may.demo.LoginTest@544820b7]" started-at="2025-05-05T14:22:34 GMT+07:00" name="tearDown" finished-at="2025-05-05T14:22:35 GMT+07:00" duration-ms="276" status="PASS">
          <reporter-output>
          </reporter-output>
        </test-method> <!-- tearDown -->
      </class> <!-- com.may.demo.LoginTest -->
      <class name="com.may.demo.MakeReservationTest">
        <test-method is-config="true" signature="setUp()[pri:0, instance:com.may.demo.MakeReservationTest@7d42c224]" started-at="2025-05-05T14:22:35 GMT+07:00" name="setUp" finished-at="2025-05-05T14:22:36 GMT+07:00" duration-ms="986" status="PASS">
          <reporter-output>
          </reporter-output>
        </test-method> <!-- setUp -->
        <test-method is-config="true" signature="loginBeforeEachTest()[pri:0, instance:com.may.demo.MakeReservationTest@7d42c224]" started-at="2025-05-05T14:22:36 GMT+07:00" name="loginBeforeEachTest" finished-at="2025-05-05T14:22:45 GMT+07:00" duration-ms="9329" status="PASS">
          <reporter-output>
          </reporter-output>
        </test-method> <!-- loginBeforeEachTest -->
        <test-method signature="testMakeReservationSuccessfully()[pri:0, instance:com.may.demo.MakeReservationTest@7d42c224]" started-at="2025-05-05T14:22:45 GMT+07:00" name="testMakeReservationSuccessfully" finished-at="2025-05-05T14:22:53 GMT+07:00" duration-ms="8399" status="PASS">
          <reporter-output>
          </reporter-output>
        </test-method> <!-- testMakeReservationSuccessfully -->
        <test-method is-config="true" signature="tearDown()[pri:0, instance:com.may.demo.MakeReservationTest@7d42c224]" started-at="2025-05-05T14:22:53 GMT+07:00" name="tearDown" finished-at="2025-05-05T14:22:54 GMT+07:00" duration-ms="251" status="PASS">
          <reporter-output>
          </reporter-output>
        </test-method> <!-- tearDown -->
      </class> <!-- com.may.demo.MakeReservationTest -->
      <class name="com.may.demo.MedicalFlowTest">
        <test-method is-config="true" signature="setUp()[pri:0, instance:com.may.demo.MedicalFlowTest@56aaaecd]" started-at="2025-05-05T14:22:54 GMT+07:00" name="setUp" finished-at="2025-05-05T14:22:55 GMT+07:00" duration-ms="1139" status="PASS">
          <reporter-output>
          </reporter-output>
        </test-method> <!-- setUp -->
        <test-method is-config="true" signature="loginBeforeEachTest()[pri:0, instance:com.may.demo.MedicalFlowTest@56aaaecd]" started-at="2025-05-05T14:22:55 GMT+07:00" name="loginBeforeEachTest" finished-at="2025-05-05T14:23:01 GMT+07:00" duration-ms="5764" status="PASS">
          <reporter-output>
          </reporter-output>
        </test-method> <!-- loginBeforeEachTest -->
        <test-method signature="clickOnPatientNamedMinauto()[pri:0, instance:com.may.demo.MedicalFlowTest@56aaaecd]" started-at="2025-05-05T14:23:01 GMT+07:00" name="clickOnPatientNamedMinauto" finished-at="2025-05-05T14:23:12 GMT+07:00" duration-ms="11019" status="PASS">
          <reporter-output>
          </reporter-output>
        </test-method> <!-- clickOnPatientNamedMinauto -->
        <test-method is-config="true" signature="tearDown()[pri:0, instance:com.may.demo.MedicalFlowTest@56aaaecd]" started-at="2025-05-05T14:23:12 GMT+07:00" name="tearDown" finished-at="2025-05-05T14:23:12 GMT+07:00" duration-ms="224" status="PASS">
          <reporter-output>
          </reporter-output>
        </test-method> <!-- tearDown -->
      </class> <!-- com.may.demo.MedicalFlowTest -->
    </test> <!-- Surefire test -->
  </suite> <!-- Surefire suite -->
</testng-results>
